<?xml version="1.0" encoding="UTF-8"?>
<!-- Generated by org.testng.reporters.JUnitReportReporter -->
<testsuite hostname="VOHLWIBISKOU02" name="Application_Specific_Library.TestNgTest" tests="2" failures="0" timestamp="8 Jun 2017 11:37:42 GMT" time="110.247" errors="0">
  <testcase name="test1" time="53.703" classname="Application_Specific_Library.TestNgTest"/>
  <testcase name="test" time="56.544" classname="Application_Specific_Library.TestNgTest"/>
</testsuite> <!-- Application_Specific_Library.TestNgTest -->
